
ROM used:   508/8192 (6%)
            508/8192 (6%) including unused fragments

            0.7 Average locations per line
            10.0 Average locations per statement

RAM used:   12/368 (3%) at main() level
            24/368 (7%) worst case

Stack used: 1 worst case (1 in main + 0 for interrupts)
Stack size: 8

Lines Stmts  %   Files
----- ----- ---  -----
   64    51 100  Dem san pham 2 LED 7 doan.c
   14     0   0  Dem san pham 2 LED 7 doan.h
  661     0   0  C:\Program Files (x86)\PICC\Devices\16F877A.h
----- -----
  739    51 Total

Page ROM  %  RAM   Vol Diff  Functions:
---- --- --- ---   --- ----  ----------
0     14   3    0             @const624
0    286  56    2  1473  8.7  main
0     21   4    3             @DIV88
0     31   6    2             @ITOF
0    119  23   13             @MULFF
0     33   6    4             @SFTOI
 Inline         0             @cinit1

Program metrics:
    Functions               1
    Statements              51
    Comments                156
    Volume (V)              1489
    Difficulty (D)          8.2
    Effort to implement (E) 12209
    Time to implement (T)   11 minutes
    Est Delivered Bugs (B)  0
    Cyclomatic Complexity   9
    Maintainability (MI)    91

 Segment     Used  Free
-----------  ----  ----
00000-00003     4  0  
00004-007FF   504  1540  
00800-00FFF     0  2048  
01000-017FF     0  2048  
01800-01FFF     0  2048  



